This file contains any messages produced by compilers while
running configure, to aid debugging if configure makes a mistake.

It was created by scribe configure 1.5.0, which was
generated by GNU Autoconf 2.69.  Invocation command line was

  $ ./configure --with-boost-system=boost_system-mt --with-boost-filesystem=boost_filesystem-mt CPPFLAGS=-DHAVE_INTTYPES_H -DHAVE_NETINET_IN_H

## --------- ##
## Platform. ##
## --------- ##

hostname = vhs10-43-1-81.ubank365.local
uname -m = x86_64
uname -r = 3.10.0-327.el7.x86_64
uname -s = Linux
uname -v = #1 SMP Thu Nov 19 22:10:57 UTC 2015

/usr/bin/uname -p = x86_64
/bin/uname -X     = unknown

/bin/arch              = x86_64
/usr/bin/arch -k       = unknown
/usr/convex/getsysinfo = unknown
/usr/bin/hostinfo      = unknown
/bin/machine           = unknown
/usr/bin/oslevel       = unknown
/bin/universe          = unknown

PATH: /usr/local/sbin
PATH: /usr/local/bin
PATH: /usr/sbin
PATH: /usr/bin
PATH: /root/bin


## ----------- ##
## Core tests. ##
## ----------- ##

configure:2010: checking for a BSD-compatible install
configure:2078: result: /usr/bin/install -c
configure:2089: checking whether build environment is sane
configure:2144: result: yes
configure:2295: checking for a thread-safe mkdir -p
configure:2334: result: /usr/bin/mkdir -p
configure:2341: checking for gawk
configure:2357: found /usr/bin/gawk
configure:2368: result: gawk
configure:2379: checking whether make sets $(MAKE)
configure:2401: result: yes
configure:2430: checking whether make supports nested variables
configure:2447: result: yes
configure:2544: checking for style of include used by make
configure:2572: result: GNU
configure:2716: checking for gcc
configure:2732: found /usr/bin/gcc
configure:2743: result: gcc
configure:2972: checking for C compiler version
configure:2981: gcc --version >&5
gcc (GCC) 4.8.5 20150623 (Red Hat 4.8.5-11)
Copyright (C) 2015 Free Software Foundation, Inc.
This is free software; see the source for copying conditions.  There is NO
warranty; not even for MERCHANTABILITY or FITNESS FOR A PARTICULAR PURPOSE.

configure:2992: $? = 0
configure:2981: gcc -v >&5
Using built-in specs.
COLLECT_GCC=gcc
COLLECT_LTO_WRAPPER=/usr/libexec/gcc/x86_64-redhat-linux/4.8.5/lto-wrapper
Target: x86_64-redhat-linux
Configured with: ../configure --prefix=/usr --mandir=/usr/share/man --infodir=/usr/share/info --with-bugurl=http://bugzilla.redhat.com/bugzilla --enable-bootstrap --enable-shared --enable-threads=posix --enable-checking=release --with-system-zlib --enable-__cxa_atexit --disable-libunwind-exceptions --enable-gnu-unique-object --enable-linker-build-id --with-linker-hash-style=gnu --enable-languages=c,c++,objc,obj-c++,java,fortran,ada,go,lto --enable-plugin --enable-initfini-array --disable-libgcj --with-isl=/builddir/build/BUILD/gcc-4.8.5-20150702/obj-x86_64-redhat-linux/isl-install --with-cloog=/builddir/build/BUILD/gcc-4.8.5-20150702/obj-x86_64-redhat-linux/cloog-install --enable-gnu-indirect-function --with-tune=generic --with-arch_32=x86-64 --build=x86_64-redhat-linux
Thread model: posix
gcc version 4.8.5 20150623 (Red Hat 4.8.5-11) (GCC) 
configure:2992: $? = 0
configure:2981: gcc -V >&5
gcc: error: unrecognized command line option '-V'
gcc: fatal error: no input files
compilation terminated.
configure:2992: $? = 4
configure:2981: gcc -qversion >&5
gcc: error: unrecognized command line option '-qversion'
gcc: fatal error: no input files
compilation terminated.
configure:2992: $? = 4
configure:3012: checking whether the C compiler works
configure:3034: gcc  -DHAVE_INTTYPES_H -DHAVE_NETINET_IN_H  conftest.c  >&5
configure:3038: $? = 0
configure:3086: result: yes
configure:3089: checking for C compiler default output file name
configure:3091: result: a.out
configure:3097: checking for suffix of executables
configure:3104: gcc -o conftest  -DHAVE_INTTYPES_H -DHAVE_NETINET_IN_H  conftest.c  >&5
configure:3108: $? = 0
configure:3130: result: 
configure:3152: checking whether we are cross compiling
configure:3160: gcc -o conftest  -DHAVE_INTTYPES_H -DHAVE_NETINET_IN_H  conftest.c  >&5
configure:3164: $? = 0
configure:3171: ./conftest
configure:3175: $? = 0
configure:3190: result: no
configure:3195: checking for suffix of object files
configure:3217: gcc -c  -DHAVE_INTTYPES_H -DHAVE_NETINET_IN_H conftest.c >&5
configure:3221: $? = 0
configure:3242: result: o
configure:3246: checking whether we are using the GNU C compiler
configure:3265: gcc -c  -DHAVE_INTTYPES_H -DHAVE_NETINET_IN_H conftest.c >&5
configure:3265: $? = 0
configure:3274: result: yes
configure:3283: checking whether gcc accepts -g
configure:3303: gcc -c -g -DHAVE_INTTYPES_H -DHAVE_NETINET_IN_H conftest.c >&5
configure:3303: $? = 0
configure:3344: result: yes
configure:3361: checking for gcc option to accept ISO C89
configure:3424: gcc  -c -g -O2 -DHAVE_INTTYPES_H -DHAVE_NETINET_IN_H conftest.c >&5
configure:3424: $? = 0
configure:3437: result: none needed
configure:3459: checking dependency style of gcc
configure:3570: result: gcc3
configure:3587: checking dependency style of gcc
configure:3698: result: gcc3
configure:3771: checking for g++
configure:3787: found /usr/bin/g++
configure:3798: result: g++
configure:3825: checking for C++ compiler version
configure:3834: g++ --version >&5
g++ (GCC) 4.8.5 20150623 (Red Hat 4.8.5-11)
Copyright (C) 2015 Free Software Foundation, Inc.
This is free software; see the source for copying conditions.  There is NO
warranty; not even for MERCHANTABILITY or FITNESS FOR A PARTICULAR PURPOSE.

configure:3845: $? = 0
configure:3834: g++ -v >&5
Using built-in specs.
COLLECT_GCC=g++
COLLECT_LTO_WRAPPER=/usr/libexec/gcc/x86_64-redhat-linux/4.8.5/lto-wrapper
Target: x86_64-redhat-linux
Configured with: ../configure --prefix=/usr --mandir=/usr/share/man --infodir=/usr/share/info --with-bugurl=http://bugzilla.redhat.com/bugzilla --enable-bootstrap --enable-shared --enable-threads=posix --enable-checking=release --with-system-zlib --enable-__cxa_atexit --disable-libunwind-exceptions --enable-gnu-unique-object --enable-linker-build-id --with-linker-hash-style=gnu --enable-languages=c,c++,objc,obj-c++,java,fortran,ada,go,lto --enable-plugin --enable-initfini-array --disable-libgcj --with-isl=/builddir/build/BUILD/gcc-4.8.5-20150702/obj-x86_64-redhat-linux/isl-install --with-cloog=/builddir/build/BUILD/gcc-4.8.5-20150702/obj-x86_64-redhat-linux/cloog-install --enable-gnu-indirect-function --with-tune=generic --with-arch_32=x86-64 --build=x86_64-redhat-linux
Thread model: posix
gcc version 4.8.5 20150623 (Red Hat 4.8.5-11) (GCC) 
configure:3845: $? = 0
configure:3834: g++ -V >&5
g++: error: unrecognized command line option '-V'
g++: fatal error: no input files
compilation terminated.
configure:3845: $? = 4
configure:3834: g++ -qversion >&5
g++: error: unrecognized command line option '-qversion'
g++: fatal error: no input files
compilation terminated.
configure:3845: $? = 4
configure:3849: checking whether we are using the GNU C++ compiler
configure:3868: g++ -c  -DHAVE_INTTYPES_H -DHAVE_NETINET_IN_H conftest.cpp >&5
configure:3868: $? = 0
configure:3877: result: yes
configure:3886: checking whether g++ accepts -g
configure:3906: g++ -c -g -DHAVE_INTTYPES_H -DHAVE_NETINET_IN_H conftest.cpp >&5
configure:3906: $? = 0
configure:3947: result: yes
configure:3972: checking dependency style of g++
configure:4083: result: gcc3
configure:4100: checking dependency style of g++
configure:4211: result: gcc3
configure:4269: checking for ranlib
configure:4285: found /usr/bin/ranlib
configure:4296: result: ranlib
configure:4322: checking for bash
configure:4352: result: /bin/sh
configure:4367: checking for perl
configure:4385: found /usr/bin/perl
configure:4397: result: /usr/bin/perl
configure:4412: checking for python
configure:4430: found /usr/bin/python
configure:4442: result: /usr/bin/python
configure:4457: checking for ar
configure:4475: found /usr/bin/ar
configure:4487: result: /usr/bin/ar
configure:4502: checking for ant
configure:4535: result: no
configure:4559: checking Checking EXTERNAL_PATH set to
configure:4591: result: /usr/local/src/scribe
configure:4613: checking whether to enable optimized build
configure:4635: result: yes
configure:4659: checking whether to enable static mode
configure:4685: result: yes
configure:4714: checking whether to enable FACEBOOK
configure:4749: result: no
configure:4756: checking whether to enable USE_SCRIBE_HDFS
configure:4791: result: no
configure:4802: checking Checking thrift_home set to
configure:4820: result: /usr/local
configure:4826: checking Checking fb303_home set to
configure:4844: result: /usr/local
configure:4850: checking Checking smc_home set to
configure:4868: result: /usr/local/src/scribe/services/trunk/src
configure:4874: checking Checking fb_home set to
configure:4892: result: /usr/local/src/scribe/libfacebook
configure:4898: checking Checking hadoop_home set to
configure:4916: result: /usr/local
configure:4952: checking for boostlib >= 1.36
configure:5002: g++ -c -Wall -O3 -DHAVE_INTTYPES_H -DHAVE_NETINET_IN_H -I/usr/include conftest.cpp >&5
configure:5002: $? = 0
configure:5004: result: yes
configure:5140: checking build system type
configure:5154: result: x86_64-unknown-linux-gnu
configure:5207: checking whether the Boost::System library is available
configure:5231: g++ -c -Wall -O3 -DHAVE_INTTYPES_H -DHAVE_NETINET_IN_H -I/usr/include conftest.cpp >&5
conftest.cpp: In function 'int main()':
conftest.cpp:17:3: warning: statement is a reference, not call, to function 'boost::system::system_category' [-Waddress]
   ;
   ^
conftest.cpp:17:3: warning: statement has no effect [-Wunused-value]
configure:5231: $? = 0
configure:5246: result: yes
configure:5358: checking for exit in -lboost_system-mt
configure:5383: gcc -o conftest -Wall -O3 -DHAVE_INTTYPES_H -DHAVE_NETINET_IN_H -I/usr/include  -L/usr/lib conftest.c -lboost_system-mt   >&5
conftest.c:20:6: warning: conflicting types for built-in function 'exit' [enabled by default]
 char exit ();
      ^
configure:5383: $? = 0
configure:5393: result: yes
configure:5444: checking whether the Boost::Filesystem library is available
configure:5468: g++ -c -Wall -O3 -DHAVE_INTTYPES_H -DHAVE_NETINET_IN_H -I/usr/include conftest.cpp >&5
configure:5468: $? = 0
configure:5482: result: yes
configure:5589: checking for exit in -lboost_filesystem-mt
configure:5614: gcc -o conftest -Wall -O3 -DHAVE_INTTYPES_H -DHAVE_NETINET_IN_H -I/usr/include  -L/usr/lib conftest.c -lboost_filesystem-mt   >&5
conftest.c:21:6: warning: conflicting types for built-in function 'exit' [enabled by default]
 char exit ();
      ^
configure:5614: $? = 0
configure:5624: result: yes
configure:5799: checking that generated files are newer than configure
configure:5805: result: done
configure:5872: creating ./config.status

## ---------------------- ##
## Running config.status. ##
## ---------------------- ##

This file was extended by scribe config.status 1.5.0, which was
generated by GNU Autoconf 2.69.  Invocation command line was

  CONFIG_FILES    = 
  CONFIG_HEADERS  = 
  CONFIG_LINKS    = 
  CONFIG_COMMANDS = 
  $ ./config.status 

on vhs10-43-1-81.ubank365.local

config.status:820: creating Makefile
config.status:820: creating src/Makefile
config.status:820: creating lib/py/Makefile
config.status:992: executing depfiles commands

## ---------------- ##
## Cache variables. ##
## ---------------- ##

ac_cv_build=x86_64-unknown-linux-gnu
ac_cv_c_compiler_gnu=yes
ac_cv_cxx_compiler_gnu=yes
ac_cv_env_CCC_set=
ac_cv_env_CCC_value=
ac_cv_env_CC_set=
ac_cv_env_CC_value=
ac_cv_env_CFLAGS_set=
ac_cv_env_CFLAGS_value=
ac_cv_env_CPPFLAGS_set=set
ac_cv_env_CPPFLAGS_value='-DHAVE_INTTYPES_H -DHAVE_NETINET_IN_H'
ac_cv_env_CXXFLAGS_set=
ac_cv_env_CXXFLAGS_value=
ac_cv_env_CXX_set=
ac_cv_env_CXX_value=
ac_cv_env_LDFLAGS_set=
ac_cv_env_LDFLAGS_value=
ac_cv_env_LIBS_set=
ac_cv_env_LIBS_value=
ac_cv_env_PY_PREFIX_set=
ac_cv_env_PY_PREFIX_value=
ac_cv_env_build_alias_set=
ac_cv_env_build_alias_value=
ac_cv_env_host_alias_set=
ac_cv_env_host_alias_value=
ac_cv_env_target_alias_set=
ac_cv_env_target_alias_value=
ac_cv_lib_boost_filesystem_mt___exit=yes
ac_cv_lib_boost_system_mt___exit=yes
ac_cv_objext=o
ac_cv_path_AR=/usr/bin/ar
ac_cv_path_BASH=/bin/sh
ac_cv_path_PERL=/usr/bin/perl
ac_cv_path_PYTHON=/usr/bin/python
ac_cv_path_install='/usr/bin/install -c'
ac_cv_path_mkdir=/usr/bin/mkdir
ac_cv_prog_AWK=gawk
ac_cv_prog_ac_ct_CC=gcc
ac_cv_prog_ac_ct_CXX=g++
ac_cv_prog_ac_ct_RANLIB=ranlib
ac_cv_prog_cc_c89=
ac_cv_prog_cc_g=yes
ac_cv_prog_cxx_g=yes
ac_cv_prog_make_make_set=yes
am_cv_CC_dependencies_compiler_type=gcc3
am_cv_CXX_dependencies_compiler_type=gcc3
am_cv_make_support_nested_variables=yes
ax_cv_boost_filesystem=yes
ax_cv_boost_system=yes

## ----------------- ##
## Output variables. ##
## ----------------- ##

ACLOCAL='${SHELL} /usr/local/src/scribe/missing aclocal-1.13'
AMDEPBACKSLASH='\'
AMDEP_FALSE='#'
AMDEP_TRUE=''
AMTAR='$${TAR-tar}'
AM_BACKSLASH='\'
AM_DEFAULT_V='$(AM_DEFAULT_VERBOSITY)'
AM_DEFAULT_VERBOSITY='1'
AM_V='$(V)'
ANT=''
AR='/usr/bin/ar'
AUTOCONF='${SHELL} /usr/local/src/scribe/missing autoconf'
AUTOHEADER='${SHELL} /usr/local/src/scribe/missing autoheader'
AUTOMAKE='${SHELL} /usr/local/src/scribe/missing automake-1.13'
AWK='gawk'
BASH='/bin/sh'
BOOST_CPPFLAGS='-I/usr/include'
BOOST_FILESYSTEM_LIB='-lboost_filesystem-mt'
BOOST_LDFLAGS='-L/usr/lib'
BOOST_SYSTEM_LIB='-lboost_system-mt'
CC='gcc'
CCDEPMODE='depmode=gcc3'
CFLAGS='-Wall -O3'
CPPFLAGS='-DHAVE_INTTYPES_H -DHAVE_NETINET_IN_H'
CXX='g++'
CXXDEPMODE='depmode=gcc3'
CXXFLAGS='-Wall -O3'
CYGPATH_W='echo'
DEBUG_FALSE=''
DEBUG_TRUE='#'
DEFS='-DPACKAGE_NAME=\"scribe\" -DPACKAGE_TARNAME=\"scribe\" -DPACKAGE_VERSION=\"1.5.0\" -DPACKAGE_STRING=\"scribe\ 1.5.0\" -DPACKAGE_BUGREPORT=\"\" -DPACKAGE_URL=\"\" -DPACKAGE=\"scribe\" -DVERSION=\"1.5.0\" -DHAVE_BOOST=/\*\*/ -DHAVE_BOOST_SYSTEM=/\*\*/ -DHAVE_BOOST_FILESYSTEM=/\*\*/'
DEPDIR='.deps'
ECHO_C=''
ECHO_N='-n'
ECHO_T=''
EXEEXT=''
EXTERNAL_PATH='/usr/local/src/scribe'
FACEBOOK_FALSE=''
FACEBOOK_TRUE='#'
GLOBAL_FOOTER_MK='include /usr/local/src/scribe/global_footer.mk'
GLOBAL_HEADER_MK='include /usr/local/src/scribe/global_header.mk'
INSTALL_DATA='${INSTALL} -m 644'
INSTALL_PROGRAM='${INSTALL}'
INSTALL_SCRIPT='${INSTALL}'
INSTALL_STRIP_PROGRAM='$(install_sh) -c -s'
LDFLAGS=''
LIBOBJS=''
LIBS=''
LTLIBOBJS=''
LTYPE='.a'
MAKEINFO='${SHELL} /usr/local/src/scribe/missing makeinfo'
MKDIR_P='/usr/bin/mkdir -p'
OBJEXT='o'
OPT_FALSE='#'
OPT_TRUE=''
PACKAGE='scribe'
PACKAGE_BUGREPORT=''
PACKAGE_NAME='scribe'
PACKAGE_STRING='scribe 1.5.0'
PACKAGE_TARNAME='scribe'
PACKAGE_URL=''
PACKAGE_VERSION='1.5.0'
PATH_SEPARATOR=':'
PERL='/usr/bin/perl'
PRODUCT_MK=''
PYTHON='/usr/bin/python'
PY_PREFIX='/usr'
RANLIB='ranlib'
SET_MAKE=''
SHARED_CFLAGS=''
SHARED_CXXFLAGS=''
SHARED_FALSE=''
SHARED_LDFLAGS=''
SHARED_TRUE='#'
SHELL='/bin/sh'
STATIC_FALSE='#'
STATIC_TRUE=''
STRIP=''
USE_SCRIBE_HDFS_FALSE=''
USE_SCRIBE_HDFS_TRUE='#'
VERSION='1.5.0'
ac_ct_CC='gcc'
ac_ct_CXX='g++'
am__EXEEXT_FALSE=''
am__EXEEXT_TRUE='#'
am__fastdepCC_FALSE='#'
am__fastdepCC_TRUE=''
am__fastdepCXX_FALSE='#'
am__fastdepCXX_TRUE=''
am__include='include'
am__isrc=''
am__leading_dot='.'
am__nodep='_no'
am__quote=''
am__tar='$${TAR-tar} chof - "$$tardir"'
am__untar='$${TAR-tar} xf -'
bindir='${exec_prefix}/bin'
build='x86_64-unknown-linux-gnu'
build_alias=''
build_cpu='x86_64'
build_os='linux-gnu'
build_vendor='unknown'
datadir='${datarootdir}'
datarootdir='${prefix}/share'
docdir='${datarootdir}/doc/${PACKAGE_TARNAME}'
dvidir='${docdir}'
exec_prefix='${prefix}'
fb303_home='/usr/local'
fb_home='/usr/local/src/scribe/libfacebook'
hadoop_home='/usr/local'
host_alias=''
htmldir='${docdir}'
includedir='${prefix}/include'
infodir='${datarootdir}/info'
install_sh='${SHELL} /usr/local/src/scribe/install-sh'
libdir='${exec_prefix}/lib'
libexecdir='${exec_prefix}/libexec'
localedir='${datarootdir}/locale'
localstatedir='${prefix}/var'
mandir='${datarootdir}/man'
mkdir_p='$(MKDIR_P)'
oldincludedir='/usr/include'
pdfdir='${docdir}'
prefix='/usr/local'
program_transform_name='s,x,x,'
psdir='${docdir}'
sbindir='${exec_prefix}/sbin'
sharedstatedir='${prefix}/com'
smc_home='/usr/local/src/scribe/services/trunk/src'
sysconfdir='${prefix}/etc'
target_alias=''
thrift_home='/usr/local'

## ----------- ##
## confdefs.h. ##
## ----------- ##

/* confdefs.h */
#define PACKAGE_NAME "scribe"
#define PACKAGE_TARNAME "scribe"
#define PACKAGE_VERSION "1.5.0"
#define PACKAGE_STRING "scribe 1.5.0"
#define PACKAGE_BUGREPORT ""
#define PACKAGE_URL ""
#define PACKAGE "scribe"
#define VERSION "1.5.0"
#define HAVE_BOOST /**/
#define HAVE_BOOST_SYSTEM /**/
#define HAVE_BOOST_FILESYSTEM /**/

configure: exit 0
